[0.000000] (-) TimerEvent: {}
[0.000755] (-) JobUnselected: {'identifier': 'my_py_pkg'}
[0.000863] (my_cpp_pkg) JobQueued: {'identifier': 'my_cpp_pkg', 'dependencies': OrderedDict()}
[0.000928] (my_cpp_pkg) JobStarted: {'identifier': 'my_cpp_pkg'}
[0.006836] (my_cpp_pkg) JobProgress: {'identifier': 'my_cpp_pkg', 'progress': 'cmake'}
[0.007316] (my_cpp_pkg) JobProgress: {'identifier': 'my_cpp_pkg', 'progress': 'build'}
[0.007870] (my_cpp_pkg) Command: {'cmd': ['/usr/bin/cmake', '--build', '/home/notomo/ros2_ws/src/build/my_cpp_pkg', '--', '-j16', '-l16'], 'cwd': '/home/notomo/ros2_ws/src/build/my_cpp_pkg', 'env': OrderedDict([('LANGUAGE', 'en_SG:en'), ('USER', 'notomo'), ('XDG_SESSION_TYPE', 'x11'), ('SHLVL', '1'), ('LD_LIBRARY_PATH', '/opt/ros/humble/opt/rviz_ogre_vendor/lib:/opt/ros/humble/lib/x86_64-linux-gnu:/opt/ros/humble/lib'), ('HOME', '/home/notomo'), ('OLDPWD', '/home/notomo/ros2_ws/src/my_cpp_pkg'), ('LESS', '-R'), ('DESKTOP_SESSION', 'ubuntu'), ('ZSH', '/home/notomo/.oh-my-zsh'), ('LSCOLORS', 'Gxfxcxdxbxegedabagacad'), ('GTK_MODULES', 'gail:atk-bridge'), ('GNOME_SHELL_SESSION_MODE', 'ubuntu'), ('PAGER', 'less'), ('ROS_PYTHON_VERSION', '3'), ('SYSTEMD_EXEC_PID', '1728'), ('DBUS_SESSION_BUS_ADDRESS', 'unix:path=/run/user/1000/bus'), ('P9K_TTY', 'old'), ('COLORTERM', 'truecolor'), ('ROS_DISTRO', 'humble'), ('COLCON_PREFIX_PATH', '/home/notomo/ros2_ws/install'), ('GTK_IM_MODULE', 'ibus'), ('LOGNAME', 'notomo'), ('_P9K_SSH_TTY', '/dev/pts/0'), ('_', '/usr/bin/colcon'), ('XDG_SESSION_CLASS', 'user'), ('ROS_VERSION', '2'), ('USERNAME', 'notomo'), ('TERM', 'xterm-256color'), ('GNOME_DESKTOP_SESSION_ID', 'this-is-deprecated'), ('ROS_LOCALHOST_ONLY', '0'), ('WINDOWPATH', '2'), ('PATH', '/opt/ros/humble/bin:/usr/local/sbin:/usr/local/bin:/usr/sbin:/usr/bin:/sbin:/bin:/usr/games:/usr/local/games:/snap/bin:/snap/bin'), ('SESSION_MANAGER', 'local/notomo-host:@/tmp/.ICE-unix/1503,unix/notomo-host:/tmp/.ICE-unix/1503'), ('GNOME_TERMINAL_SCREEN', '/org/gnome/Terminal/screen/98f0d8b7_61dc_40e5_a093_baf7c5216e75'), ('XDG_MENU_PREFIX', 'gnome-'), ('XDG_RUNTIME_DIR', '/run/user/1000'), ('DISPLAY', ':0'), ('LANG', 'en_SG.UTF-8'), ('XDG_CURRENT_DESKTOP', 'ubuntu:GNOME'), ('XDG_SESSION_DESKTOP', 'ubuntu'), ('GNOME_TERMINAL_SERVICE', ':1.258'), ('XMODIFIERS', '@im=ibus'), ('XAUTHORITY', '/run/user/1000/gdm/Xauthority'), ('LS_COLORS', 'di=32:ln=35:so=32:pi=33:ex=31:bd=34;46:cd=34;43:su=30;41:sg=30;46:tw=30;42:ow=30;43'), ('SSH_AUTH_SOCK', '/run/user/1000/keyring/ssh'), ('SSH_AGENT_LAUNCHER', 'gnome-keyring'), ('AMENT_PREFIX_PATH', '/home/notomo/ros2_ws/install/my_py_pkg:/home/notomo/ros2_ws/install/my_cpp_pkg:/opt/ros/humble'), ('SHELL', '/usr/bin/zsh'), ('QT_ACCESSIBILITY', '1'), ('GDMSESSION', 'ubuntu'), ('GPG_AGENT_INFO', '/run/user/1000/gnupg/S.gpg-agent:0:1'), ('P9K_SSH', '0'), ('QT_IM_MODULE', 'ibus'), ('PWD', '/home/notomo/ros2_ws/src/build/my_cpp_pkg'), ('XDG_CONFIG_DIRS', '/etc/xdg/xdg-ubuntu:/etc/xdg'), ('XDG_DATA_DIRS', '/usr/share/ubuntu:/usr/share/gnome:/usr/local/share/:/usr/share/:/var/lib/snapd/desktop'), ('_P9K_TTY', '/dev/pts/0'), ('PYTHONPATH', '/home/notomo/ros2_ws/build/my_py_pkg:/home/notomo/ros2_ws/install/my_py_pkg/lib/python3.10/site-packages:/opt/ros/humble/lib/python3.10/site-packages:/opt/ros/humble/local/lib/python3.10/dist-packages'), ('COLCON', '1'), ('VTE_VERSION', '6800'), ('CMAKE_PREFIX_PATH', '/home/notomo/ros2_ws/install/my_cpp_pkg:/home/notomo/ros2_ws/install/my_py_pkg:/opt/ros/humble')]), 'shell': False}
[0.045538] (my_cpp_pkg) StdoutLine: {'line': b'\x1b[35m\x1b[1mConsolidate compiler generated dependencies of target robot_news_station\x1b[0m\n'}
[0.045748] (my_cpp_pkg) StdoutLine: {'line': b'\x1b[35m\x1b[1mConsolidate compiler generated dependencies of target cpp_node\x1b[0m\n'}
[0.061373] (my_cpp_pkg) StdoutLine: {'line': b'[ 75%] Built target robot_news_station\n'}
[0.061550] (my_cpp_pkg) StdoutLine: {'line': b'[100%] Built target cpp_node\n'}
[0.071074] (my_cpp_pkg) CommandEnded: {'returncode': 0}
[0.071558] (my_cpp_pkg) JobProgress: {'identifier': 'my_cpp_pkg', 'progress': 'install'}
[0.078480] (my_cpp_pkg) Command: {'cmd': ['/usr/bin/cmake', '--install', '/home/notomo/ros2_ws/src/build/my_cpp_pkg'], 'cwd': '/home/notomo/ros2_ws/src/build/my_cpp_pkg', 'env': OrderedDict([('LANGUAGE', 'en_SG:en'), ('USER', 'notomo'), ('XDG_SESSION_TYPE', 'x11'), ('SHLVL', '1'), ('LD_LIBRARY_PATH', '/opt/ros/humble/opt/rviz_ogre_vendor/lib:/opt/ros/humble/lib/x86_64-linux-gnu:/opt/ros/humble/lib'), ('HOME', '/home/notomo'), ('OLDPWD', '/home/notomo/ros2_ws/src/my_cpp_pkg'), ('LESS', '-R'), ('DESKTOP_SESSION', 'ubuntu'), ('ZSH', '/home/notomo/.oh-my-zsh'), ('LSCOLORS', 'Gxfxcxdxbxegedabagacad'), ('GTK_MODULES', 'gail:atk-bridge'), ('GNOME_SHELL_SESSION_MODE', 'ubuntu'), ('PAGER', 'less'), ('ROS_PYTHON_VERSION', '3'), ('SYSTEMD_EXEC_PID', '1728'), ('DBUS_SESSION_BUS_ADDRESS', 'unix:path=/run/user/1000/bus'), ('P9K_TTY', 'old'), ('COLORTERM', 'truecolor'), ('ROS_DISTRO', 'humble'), ('COLCON_PREFIX_PATH', '/home/notomo/ros2_ws/install'), ('GTK_IM_MODULE', 'ibus'), ('LOGNAME', 'notomo'), ('_P9K_SSH_TTY', '/dev/pts/0'), ('_', '/usr/bin/colcon'), ('XDG_SESSION_CLASS', 'user'), ('ROS_VERSION', '2'), ('USERNAME', 'notomo'), ('TERM', 'xterm-256color'), ('GNOME_DESKTOP_SESSION_ID', 'this-is-deprecated'), ('ROS_LOCALHOST_ONLY', '0'), ('WINDOWPATH', '2'), ('PATH', '/opt/ros/humble/bin:/usr/local/sbin:/usr/local/bin:/usr/sbin:/usr/bin:/sbin:/bin:/usr/games:/usr/local/games:/snap/bin:/snap/bin'), ('SESSION_MANAGER', 'local/notomo-host:@/tmp/.ICE-unix/1503,unix/notomo-host:/tmp/.ICE-unix/1503'), ('GNOME_TERMINAL_SCREEN', '/org/gnome/Terminal/screen/98f0d8b7_61dc_40e5_a093_baf7c5216e75'), ('XDG_MENU_PREFIX', 'gnome-'), ('XDG_RUNTIME_DIR', '/run/user/1000'), ('DISPLAY', ':0'), ('LANG', 'en_SG.UTF-8'), ('XDG_CURRENT_DESKTOP', 'ubuntu:GNOME'), ('XDG_SESSION_DESKTOP', 'ubuntu'), ('GNOME_TERMINAL_SERVICE', ':1.258'), ('XMODIFIERS', '@im=ibus'), ('XAUTHORITY', '/run/user/1000/gdm/Xauthority'), ('LS_COLORS', 'di=32:ln=35:so=32:pi=33:ex=31:bd=34;46:cd=34;43:su=30;41:sg=30;46:tw=30;42:ow=30;43'), ('SSH_AUTH_SOCK', '/run/user/1000/keyring/ssh'), ('SSH_AGENT_LAUNCHER', 'gnome-keyring'), ('AMENT_PREFIX_PATH', '/home/notomo/ros2_ws/install/my_py_pkg:/home/notomo/ros2_ws/install/my_cpp_pkg:/opt/ros/humble'), ('SHELL', '/usr/bin/zsh'), ('QT_ACCESSIBILITY', '1'), ('GDMSESSION', 'ubuntu'), ('GPG_AGENT_INFO', '/run/user/1000/gnupg/S.gpg-agent:0:1'), ('P9K_SSH', '0'), ('QT_IM_MODULE', 'ibus'), ('PWD', '/home/notomo/ros2_ws/src/build/my_cpp_pkg'), ('XDG_CONFIG_DIRS', '/etc/xdg/xdg-ubuntu:/etc/xdg'), ('XDG_DATA_DIRS', '/usr/share/ubuntu:/usr/share/gnome:/usr/local/share/:/usr/share/:/var/lib/snapd/desktop'), ('_P9K_TTY', '/dev/pts/0'), ('PYTHONPATH', '/home/notomo/ros2_ws/build/my_py_pkg:/home/notomo/ros2_ws/install/my_py_pkg/lib/python3.10/site-packages:/opt/ros/humble/lib/python3.10/site-packages:/opt/ros/humble/local/lib/python3.10/dist-packages'), ('COLCON', '1'), ('VTE_VERSION', '6800'), ('CMAKE_PREFIX_PATH', '/home/notomo/ros2_ws/install/my_cpp_pkg:/home/notomo/ros2_ws/install/my_py_pkg:/opt/ros/humble')]), 'shell': False}
[0.084720] (my_cpp_pkg) StdoutLine: {'line': b'-- Install configuration: ""\n'}
[0.084905] (my_cpp_pkg) StdoutLine: {'line': b'-- Up-to-date: /home/notomo/ros2_ws/src/install/my_cpp_pkg/lib/my_cpp_pkg/cpp_node\n'}
[0.085152] (my_cpp_pkg) StdoutLine: {'line': b'-- Up-to-date: /home/notomo/ros2_ws/src/install/my_cpp_pkg/lib/my_cpp_pkg/robot_news_station\n'}
[0.085301] (my_cpp_pkg) StdoutLine: {'line': b'-- Up-to-date: /home/notomo/ros2_ws/src/install/my_cpp_pkg/share/ament_index/resource_index/package_run_dependencies/my_cpp_pkg\n'}
[0.085423] (my_cpp_pkg) StdoutLine: {'line': b'-- Up-to-date: /home/notomo/ros2_ws/src/install/my_cpp_pkg/share/ament_index/resource_index/parent_prefix_path/my_cpp_pkg\n'}
[0.085536] (my_cpp_pkg) StdoutLine: {'line': b'-- Up-to-date: /home/notomo/ros2_ws/src/install/my_cpp_pkg/share/my_cpp_pkg/environment/ament_prefix_path.sh\n'}
[0.085670] (my_cpp_pkg) StdoutLine: {'line': b'-- Up-to-date: /home/notomo/ros2_ws/src/install/my_cpp_pkg/share/my_cpp_pkg/environment/ament_prefix_path.dsv\n'}
[0.085736] (my_cpp_pkg) StdoutLine: {'line': b'-- Up-to-date: /home/notomo/ros2_ws/src/install/my_cpp_pkg/share/my_cpp_pkg/environment/path.sh\n'}
[0.085817] (my_cpp_pkg) StdoutLine: {'line': b'-- Up-to-date: /home/notomo/ros2_ws/src/install/my_cpp_pkg/share/my_cpp_pkg/environment/path.dsv\n'}
[0.085881] (my_cpp_pkg) StdoutLine: {'line': b'-- Up-to-date: /home/notomo/ros2_ws/src/install/my_cpp_pkg/share/my_cpp_pkg/local_setup.bash\n'}
[0.085996] (my_cpp_pkg) StdoutLine: {'line': b'-- Up-to-date: /home/notomo/ros2_ws/src/install/my_cpp_pkg/share/my_cpp_pkg/local_setup.sh\n'}
[0.086045] (my_cpp_pkg) StdoutLine: {'line': b'-- Up-to-date: /home/notomo/ros2_ws/src/install/my_cpp_pkg/share/my_cpp_pkg/local_setup.zsh\n'}
[0.086089] (my_cpp_pkg) StdoutLine: {'line': b'-- Up-to-date: /home/notomo/ros2_ws/src/install/my_cpp_pkg/share/my_cpp_pkg/local_setup.dsv\n'}
[0.086131] (my_cpp_pkg) StdoutLine: {'line': b'-- Installing: /home/notomo/ros2_ws/src/install/my_cpp_pkg/share/my_cpp_pkg/package.dsv\n'}
[0.086173] (my_cpp_pkg) StdoutLine: {'line': b'-- Up-to-date: /home/notomo/ros2_ws/src/install/my_cpp_pkg/share/ament_index/resource_index/packages/my_cpp_pkg\n'}
[0.086216] (my_cpp_pkg) StdoutLine: {'line': b'-- Up-to-date: /home/notomo/ros2_ws/src/install/my_cpp_pkg/share/my_cpp_pkg/cmake/my_cpp_pkgConfig.cmake\n'}
[0.086258] (my_cpp_pkg) StdoutLine: {'line': b'-- Up-to-date: /home/notomo/ros2_ws/src/install/my_cpp_pkg/share/my_cpp_pkg/cmake/my_cpp_pkgConfig-version.cmake\n'}
[0.086299] (my_cpp_pkg) StdoutLine: {'line': b'-- Up-to-date: /home/notomo/ros2_ws/src/install/my_cpp_pkg/share/my_cpp_pkg/package.xml\n'}
[0.087310] (my_cpp_pkg) CommandEnded: {'returncode': 0}
[0.099566] (my_cpp_pkg) JobEnded: {'identifier': 'my_cpp_pkg', 'rc': 0}
[0.100059] (-) TimerEvent: {}
[0.100126] (-) EventReactorShutdown: {}
