[0.000000] (-) TimerEvent: {}
[0.000772] (-) JobUnselected: {'identifier': 'my_py_pkg'}
[0.000910] (my_cpp_pkg) JobQueued: {'identifier': 'my_cpp_pkg', 'dependencies': OrderedDict()}
[0.000935] (my_cpp_pkg) JobStarted: {'identifier': 'my_cpp_pkg'}
[0.006853] (my_cpp_pkg) JobProgress: {'identifier': 'my_cpp_pkg', 'progress': 'cmake'}
[0.007282] (my_cpp_pkg) JobProgress: {'identifier': 'my_cpp_pkg', 'progress': 'build'}
[0.007766] (my_cpp_pkg) Command: {'cmd': ['/usr/bin/cmake', '--build', '/home/notomo/ros2_ws/src/build/my_cpp_pkg', '--', '-j16', '-l16'], 'cwd': '/home/notomo/ros2_ws/src/build/my_cpp_pkg', 'env': OrderedDict([('LANGUAGE', 'en_SG:en'), ('USER', 'notomo'), ('XDG_SESSION_TYPE', 'x11'), ('SHLVL', '1'), ('LD_LIBRARY_PATH', '/opt/ros/humble/opt/rviz_ogre_vendor/lib:/opt/ros/humble/lib/x86_64-linux-gnu:/opt/ros/humble/lib'), ('HOME', '/home/notomo'), ('OLDPWD', '/home/notomo/ros2_ws/src/my_cpp_pkg'), ('LESS', '-R'), ('DESKTOP_SESSION', 'ubuntu'), ('ZSH', '/home/notomo/.oh-my-zsh'), ('LSCOLORS', 'Gxfxcxdxbxegedabagacad'), ('GTK_MODULES', 'gail:atk-bridge'), ('GNOME_SHELL_SESSION_MODE', 'ubuntu'), ('PAGER', 'less'), ('ROS_PYTHON_VERSION', '3'), ('SYSTEMD_EXEC_PID', '1728'), ('DBUS_SESSION_BUS_ADDRESS', 'unix:path=/run/user/1000/bus'), ('P9K_TTY', 'old'), ('COLORTERM', 'truecolor'), ('ROS_DISTRO', 'humble'), ('COLCON_PREFIX_PATH', '/home/notomo/ros2_ws/install'), ('GTK_IM_MODULE', 'ibus'), ('LOGNAME', 'notomo'), ('_P9K_SSH_TTY', '/dev/pts/0'), ('_', '/usr/bin/colcon'), ('XDG_SESSION_CLASS', 'user'), ('ROS_VERSION', '2'), ('USERNAME', 'notomo'), ('TERM', 'xterm-256color'), ('GNOME_DESKTOP_SESSION_ID', 'this-is-deprecated'), ('ROS_LOCALHOST_ONLY', '0'), ('WINDOWPATH', '2'), ('PATH', '/opt/ros/humble/bin:/usr/local/sbin:/usr/local/bin:/usr/sbin:/usr/bin:/sbin:/bin:/usr/games:/usr/local/games:/snap/bin:/snap/bin'), ('SESSION_MANAGER', 'local/notomo-host:@/tmp/.ICE-unix/1503,unix/notomo-host:/tmp/.ICE-unix/1503'), ('GNOME_TERMINAL_SCREEN', '/org/gnome/Terminal/screen/98f0d8b7_61dc_40e5_a093_baf7c5216e75'), ('XDG_MENU_PREFIX', 'gnome-'), ('XDG_RUNTIME_DIR', '/run/user/1000'), ('DISPLAY', ':0'), ('LANG', 'en_SG.UTF-8'), ('XDG_CURRENT_DESKTOP', 'ubuntu:GNOME'), ('XDG_SESSION_DESKTOP', 'ubuntu'), ('GNOME_TERMINAL_SERVICE', ':1.258'), ('XMODIFIERS', '@im=ibus'), ('XAUTHORITY', '/run/user/1000/gdm/Xauthority'), ('LS_COLORS', 'di=32:ln=35:so=32:pi=33:ex=31:bd=34;46:cd=34;43:su=30;41:sg=30;46:tw=30;42:ow=30;43'), ('SSH_AUTH_SOCK', '/run/user/1000/keyring/ssh'), ('SSH_AGENT_LAUNCHER', 'gnome-keyring'), ('AMENT_PREFIX_PATH', '/home/notomo/ros2_ws/install/my_py_pkg:/home/notomo/ros2_ws/install/my_cpp_pkg:/opt/ros/humble'), ('SHELL', '/usr/bin/zsh'), ('QT_ACCESSIBILITY', '1'), ('GDMSESSION', 'ubuntu'), ('GPG_AGENT_INFO', '/run/user/1000/gnupg/S.gpg-agent:0:1'), ('P9K_SSH', '0'), ('QT_IM_MODULE', 'ibus'), ('PWD', '/home/notomo/ros2_ws/src/build/my_cpp_pkg'), ('XDG_CONFIG_DIRS', '/etc/xdg/xdg-ubuntu:/etc/xdg'), ('XDG_DATA_DIRS', '/usr/share/ubuntu:/usr/share/gnome:/usr/local/share/:/usr/share/:/var/lib/snapd/desktop'), ('_P9K_TTY', '/dev/pts/0'), ('PYTHONPATH', '/home/notomo/ros2_ws/build/my_py_pkg:/home/notomo/ros2_ws/install/my_py_pkg/lib/python3.10/site-packages:/opt/ros/humble/lib/python3.10/site-packages:/opt/ros/humble/local/lib/python3.10/dist-packages'), ('COLCON', '1'), ('VTE_VERSION', '6800'), ('CMAKE_PREFIX_PATH', '/home/notomo/ros2_ws/install/my_cpp_pkg:/home/notomo/ros2_ws/install/my_py_pkg:/opt/ros/humble')]), 'shell': False}
[0.030829] (my_cpp_pkg) StdoutLine: {'line': b'-- Found ament_cmake: 1.3.11 (/opt/ros/humble/share/ament_cmake/cmake)\n'}
[0.099824] (-) TimerEvent: {}
[0.126172] (my_cpp_pkg) StdoutLine: {'line': b'-- Found rclcpp: 16.0.11 (/opt/ros/humble/share/rclcpp/cmake)\n'}
[0.147542] (my_cpp_pkg) StdoutLine: {'line': b'-- Found rosidl_generator_c: 3.1.6 (/opt/ros/humble/share/rosidl_generator_c/cmake)\n'}
[0.149347] (my_cpp_pkg) StdoutLine: {'line': b'-- Found rosidl_adapter: 3.1.6 (/opt/ros/humble/share/rosidl_adapter/cmake)\n'}
[0.153743] (my_cpp_pkg) StdoutLine: {'line': b'-- Found rosidl_generator_cpp: 3.1.6 (/opt/ros/humble/share/rosidl_generator_cpp/cmake)\n'}
[0.161214] (my_cpp_pkg) StdoutLine: {'line': b'-- Using all available rosidl_typesupport_c: rosidl_typesupport_fastrtps_c;rosidl_typesupport_introspection_c\n'}
[0.170066] (my_cpp_pkg) StdoutLine: {'line': b'-- Using all available rosidl_typesupport_cpp: rosidl_typesupport_fastrtps_cpp;rosidl_typesupport_introspection_cpp\n'}
[0.194709] (my_cpp_pkg) StdoutLine: {'line': b'-- Found rmw_implementation_cmake: 6.1.2 (/opt/ros/humble/share/rmw_implementation_cmake/cmake)\n'}
[0.194999] (my_cpp_pkg) StdoutLine: {'line': b'-- Found rmw_fastrtps_cpp: 6.2.7 (/opt/ros/humble/share/rmw_fastrtps_cpp/cmake)\n'}
[0.199895] (-) TimerEvent: {}
[0.275684] (my_cpp_pkg) StdoutLine: {'line': b"-- Using RMW implementation 'rmw_fastrtps_cpp' as default\n"}
[0.299986] (-) TimerEvent: {}
[0.309478] (my_cpp_pkg) StdoutLine: {'line': b'-- Found example_interfaces: 0.9.3 (/opt/ros/humble/share/example_interfaces/cmake)\n'}
[0.336263] (my_cpp_pkg) StdoutLine: {'line': b'-- Found ament_lint_auto: 0.12.11 (/opt/ros/humble/share/ament_lint_auto/cmake)\n'}
[0.386401] (my_cpp_pkg) StdoutLine: {'line': b"-- Added test 'cppcheck' to perform static code analysis on C / C++ code\n"}
[0.386647] (my_cpp_pkg) StdoutLine: {'line': b'-- Configured cppcheck include dirs: \n'}
[0.386719] (my_cpp_pkg) StdoutLine: {'line': b'-- Configured cppcheck exclude dirs and/or files: \n'}
[0.386929] (my_cpp_pkg) StdoutLine: {'line': b"-- Added test 'lint_cmake' to check CMake code style\n"}
[0.387655] (my_cpp_pkg) StdoutLine: {'line': b"-- Added test 'uncrustify' to check C / C++ code style\n"}
[0.387745] (my_cpp_pkg) StdoutLine: {'line': b'-- Configured uncrustify additional arguments: \n'}
[0.387912] (my_cpp_pkg) StdoutLine: {'line': b"-- Added test 'xmllint' to check XML markup files\n"}
[0.388473] (my_cpp_pkg) StdoutLine: {'line': b'-- Configuring done\n'}
[0.398455] (my_cpp_pkg) StdoutLine: {'line': b'-- Generating done\n'}
[0.400052] (-) TimerEvent: {}
[0.402533] (my_cpp_pkg) StdoutLine: {'line': b'-- Build files have been written to: /home/notomo/ros2_ws/src/build/my_cpp_pkg\n'}
[0.426778] (my_cpp_pkg) StdoutLine: {'line': b'\x1b[35m\x1b[1mConsolidate compiler generated dependencies of target robot_news_station\x1b[0m\n'}
[0.426952] (my_cpp_pkg) StdoutLine: {'line': b'\x1b[35m\x1b[1mConsolidate compiler generated dependencies of target cpp_node\x1b[0m\n'}
[0.443609] (my_cpp_pkg) StdoutLine: {'line': b'[100%] Built target cpp_node\n'}
[0.443799] (my_cpp_pkg) StdoutLine: {'line': b'[100%] Built target robot_news_station\n'}
[0.453711] (my_cpp_pkg) CommandEnded: {'returncode': 0}
[0.454290] (my_cpp_pkg) JobProgress: {'identifier': 'my_cpp_pkg', 'progress': 'install'}
[0.462072] (my_cpp_pkg) Command: {'cmd': ['/usr/bin/cmake', '--install', '/home/notomo/ros2_ws/src/build/my_cpp_pkg'], 'cwd': '/home/notomo/ros2_ws/src/build/my_cpp_pkg', 'env': OrderedDict([('LANGUAGE', 'en_SG:en'), ('USER', 'notomo'), ('XDG_SESSION_TYPE', 'x11'), ('SHLVL', '1'), ('LD_LIBRARY_PATH', '/opt/ros/humble/opt/rviz_ogre_vendor/lib:/opt/ros/humble/lib/x86_64-linux-gnu:/opt/ros/humble/lib'), ('HOME', '/home/notomo'), ('OLDPWD', '/home/notomo/ros2_ws/src/my_cpp_pkg'), ('LESS', '-R'), ('DESKTOP_SESSION', 'ubuntu'), ('ZSH', '/home/notomo/.oh-my-zsh'), ('LSCOLORS', 'Gxfxcxdxbxegedabagacad'), ('GTK_MODULES', 'gail:atk-bridge'), ('GNOME_SHELL_SESSION_MODE', 'ubuntu'), ('PAGER', 'less'), ('ROS_PYTHON_VERSION', '3'), ('SYSTEMD_EXEC_PID', '1728'), ('DBUS_SESSION_BUS_ADDRESS', 'unix:path=/run/user/1000/bus'), ('P9K_TTY', 'old'), ('COLORTERM', 'truecolor'), ('ROS_DISTRO', 'humble'), ('COLCON_PREFIX_PATH', '/home/notomo/ros2_ws/install'), ('GTK_IM_MODULE', 'ibus'), ('LOGNAME', 'notomo'), ('_P9K_SSH_TTY', '/dev/pts/0'), ('_', '/usr/bin/colcon'), ('XDG_SESSION_CLASS', 'user'), ('ROS_VERSION', '2'), ('USERNAME', 'notomo'), ('TERM', 'xterm-256color'), ('GNOME_DESKTOP_SESSION_ID', 'this-is-deprecated'), ('ROS_LOCALHOST_ONLY', '0'), ('WINDOWPATH', '2'), ('PATH', '/opt/ros/humble/bin:/usr/local/sbin:/usr/local/bin:/usr/sbin:/usr/bin:/sbin:/bin:/usr/games:/usr/local/games:/snap/bin:/snap/bin'), ('SESSION_MANAGER', 'local/notomo-host:@/tmp/.ICE-unix/1503,unix/notomo-host:/tmp/.ICE-unix/1503'), ('GNOME_TERMINAL_SCREEN', '/org/gnome/Terminal/screen/98f0d8b7_61dc_40e5_a093_baf7c5216e75'), ('XDG_MENU_PREFIX', 'gnome-'), ('XDG_RUNTIME_DIR', '/run/user/1000'), ('DISPLAY', ':0'), ('LANG', 'en_SG.UTF-8'), ('XDG_CURRENT_DESKTOP', 'ubuntu:GNOME'), ('XDG_SESSION_DESKTOP', 'ubuntu'), ('GNOME_TERMINAL_SERVICE', ':1.258'), ('XMODIFIERS', '@im=ibus'), ('XAUTHORITY', '/run/user/1000/gdm/Xauthority'), ('LS_COLORS', 'di=32:ln=35:so=32:pi=33:ex=31:bd=34;46:cd=34;43:su=30;41:sg=30;46:tw=30;42:ow=30;43'), ('SSH_AUTH_SOCK', '/run/user/1000/keyring/ssh'), ('SSH_AGENT_LAUNCHER', 'gnome-keyring'), ('AMENT_PREFIX_PATH', '/home/notomo/ros2_ws/install/my_py_pkg:/home/notomo/ros2_ws/install/my_cpp_pkg:/opt/ros/humble'), ('SHELL', '/usr/bin/zsh'), ('QT_ACCESSIBILITY', '1'), ('GDMSESSION', 'ubuntu'), ('GPG_AGENT_INFO', '/run/user/1000/gnupg/S.gpg-agent:0:1'), ('P9K_SSH', '0'), ('QT_IM_MODULE', 'ibus'), ('PWD', '/home/notomo/ros2_ws/src/build/my_cpp_pkg'), ('XDG_CONFIG_DIRS', '/etc/xdg/xdg-ubuntu:/etc/xdg'), ('XDG_DATA_DIRS', '/usr/share/ubuntu:/usr/share/gnome:/usr/local/share/:/usr/share/:/var/lib/snapd/desktop'), ('_P9K_TTY', '/dev/pts/0'), ('PYTHONPATH', '/home/notomo/ros2_ws/build/my_py_pkg:/home/notomo/ros2_ws/install/my_py_pkg/lib/python3.10/site-packages:/opt/ros/humble/lib/python3.10/site-packages:/opt/ros/humble/local/lib/python3.10/dist-packages'), ('COLCON', '1'), ('VTE_VERSION', '6800'), ('CMAKE_PREFIX_PATH', '/home/notomo/ros2_ws/install/my_cpp_pkg:/home/notomo/ros2_ws/install/my_py_pkg:/opt/ros/humble')]), 'shell': False}
[0.469283] (my_cpp_pkg) StdoutLine: {'line': b'-- Install configuration: ""\n'}
[0.469455] (my_cpp_pkg) StdoutLine: {'line': b'-- Up-to-date: /home/notomo/ros2_ws/src/install/my_cpp_pkg/lib/my_cpp_pkg/cpp_node\n'}
[0.469692] (my_cpp_pkg) StdoutLine: {'line': b'-- Up-to-date: /home/notomo/ros2_ws/src/install/my_cpp_pkg/lib/my_cpp_pkg/robot_news_station\n'}
[0.469839] (my_cpp_pkg) StdoutLine: {'line': b'-- Up-to-date: /home/notomo/ros2_ws/src/install/my_cpp_pkg/share/ament_index/resource_index/package_run_dependencies/my_cpp_pkg\n'}
[0.469937] (my_cpp_pkg) StdoutLine: {'line': b'-- Up-to-date: /home/notomo/ros2_ws/src/install/my_cpp_pkg/share/ament_index/resource_index/parent_prefix_path/my_cpp_pkg\n'}
[0.470002] (my_cpp_pkg) StdoutLine: {'line': b'-- Up-to-date: /home/notomo/ros2_ws/src/install/my_cpp_pkg/share/my_cpp_pkg/environment/ament_prefix_path.sh\n'}
[0.470079] (my_cpp_pkg) StdoutLine: {'line': b'-- Installing: /home/notomo/ros2_ws/src/install/my_cpp_pkg/share/my_cpp_pkg/environment/ament_prefix_path.dsv\n'}
[0.470155] (my_cpp_pkg) StdoutLine: {'line': b'-- Up-to-date: /home/notomo/ros2_ws/src/install/my_cpp_pkg/share/my_cpp_pkg/environment/path.sh\n'}
[0.470234] (my_cpp_pkg) StdoutLine: {'line': b'-- Installing: /home/notomo/ros2_ws/src/install/my_cpp_pkg/share/my_cpp_pkg/environment/path.dsv\n'}
[0.470325] (my_cpp_pkg) StdoutLine: {'line': b'-- Up-to-date: /home/notomo/ros2_ws/src/install/my_cpp_pkg/share/my_cpp_pkg/local_setup.bash\n'}
[0.470412] (my_cpp_pkg) StdoutLine: {'line': b'-- Up-to-date: /home/notomo/ros2_ws/src/install/my_cpp_pkg/share/my_cpp_pkg/local_setup.sh\n'}
[0.470477] (my_cpp_pkg) StdoutLine: {'line': b'-- Up-to-date: /home/notomo/ros2_ws/src/install/my_cpp_pkg/share/my_cpp_pkg/local_setup.zsh\n'}
[0.470567] (my_cpp_pkg) StdoutLine: {'line': b'-- Installing: /home/notomo/ros2_ws/src/install/my_cpp_pkg/share/my_cpp_pkg/local_setup.dsv\n'}
[0.470655] (my_cpp_pkg) StdoutLine: {'line': b'-- Installing: /home/notomo/ros2_ws/src/install/my_cpp_pkg/share/my_cpp_pkg/package.dsv\n'}
[0.470807] (my_cpp_pkg) StdoutLine: {'line': b'-- Up-to-date: /home/notomo/ros2_ws/src/install/my_cpp_pkg/share/ament_index/resource_index/packages/my_cpp_pkg\n'}
[0.470884] (my_cpp_pkg) StdoutLine: {'line': b'-- Up-to-date: /home/notomo/ros2_ws/src/install/my_cpp_pkg/share/my_cpp_pkg/cmake/my_cpp_pkgConfig.cmake\n'}
[0.470931] (my_cpp_pkg) StdoutLine: {'line': b'-- Up-to-date: /home/notomo/ros2_ws/src/install/my_cpp_pkg/share/my_cpp_pkg/cmake/my_cpp_pkgConfig-version.cmake\n'}
[0.470997] (my_cpp_pkg) StdoutLine: {'line': b'-- Up-to-date: /home/notomo/ros2_ws/src/install/my_cpp_pkg/share/my_cpp_pkg/package.xml\n'}
[0.472419] (my_cpp_pkg) CommandEnded: {'returncode': 0}
[0.484664] (my_cpp_pkg) JobEnded: {'identifier': 'my_cpp_pkg', 'rc': 0}
[0.485160] (-) EventReactorShutdown: {}
