[0.009s] Invoking command in '/home/notomo/ros2_ws/src/build/my_cpp_pkg': CMAKE_PREFIX_PATH=${CMAKE_PREFIX_PATH}:/home/notomo/ros2_ws/install/my_py_pkg:/opt/ros/humble /usr/bin/cmake --build /home/notomo/ros2_ws/src/build/my_cpp_pkg -- -j16 -l16
[0.030s] -- Found ament_cmake: 1.3.11 (/opt/ros/humble/share/ament_cmake/cmake)
[0.125s] -- Found rclcpp: 16.0.11 (/opt/ros/humble/share/rclcpp/cmake)
[0.147s] -- Found rosidl_generator_c: 3.1.6 (/opt/ros/humble/share/rosidl_generator_c/cmake)
[0.148s] -- Found rosidl_adapter: 3.1.6 (/opt/ros/humble/share/rosidl_adapter/cmake)
[0.153s] -- Found rosidl_generator_cpp: 3.1.6 (/opt/ros/humble/share/rosidl_generator_cpp/cmake)
[0.160s] -- Using all available rosidl_typesupport_c: rosidl_typesupport_fastrtps_c;rosidl_typesupport_introspection_c
[0.169s] -- Using all available rosidl_typesupport_cpp: rosidl_typesupport_fastrtps_cpp;rosidl_typesupport_introspection_cpp
[0.194s] -- Found rmw_implementation_cmake: 6.1.2 (/opt/ros/humble/share/rmw_implementation_cmake/cmake)
[0.194s] -- Found rmw_fastrtps_cpp: 6.2.7 (/opt/ros/humble/share/rmw_fastrtps_cpp/cmake)
[0.275s] -- Using RMW implementation 'rmw_fastrtps_cpp' as default
[0.309s] -- Found example_interfaces: 0.9.3 (/opt/ros/humble/share/example_interfaces/cmake)
[0.335s] -- Found ament_lint_auto: 0.12.11 (/opt/ros/humble/share/ament_lint_auto/cmake)
[0.386s] -- Added test 'cppcheck' to perform static code analysis on C / C++ code
[0.386s] -- Configured cppcheck include dirs: 
[0.386s] -- Configured cppcheck exclude dirs and/or files: 
[0.386s] -- Added test 'lint_cmake' to check CMake code style
[0.387s] -- Added test 'uncrustify' to check C / C++ code style
[0.387s] -- Configured uncrustify additional arguments: 
[0.387s] -- Added test 'xmllint' to check XML markup files
[0.388s] -- Configuring done
[0.398s] -- Generating done
[0.402s] -- Build files have been written to: /home/notomo/ros2_ws/src/build/my_cpp_pkg
[0.426s] [35m[1mConsolidate compiler generated dependencies of target robot_news_station[0m
[0.426s] [35m[1mConsolidate compiler generated dependencies of target cpp_node[0m
[0.443s] [100%] Built target cpp_node
[0.443s] [100%] Built target robot_news_station
[0.453s] Invoked command in '/home/notomo/ros2_ws/src/build/my_cpp_pkg' returned '0': CMAKE_PREFIX_PATH=${CMAKE_PREFIX_PATH}:/home/notomo/ros2_ws/install/my_py_pkg:/opt/ros/humble /usr/bin/cmake --build /home/notomo/ros2_ws/src/build/my_cpp_pkg -- -j16 -l16
[0.462s] Invoking command in '/home/notomo/ros2_ws/src/build/my_cpp_pkg': CMAKE_PREFIX_PATH=${CMAKE_PREFIX_PATH}:/home/notomo/ros2_ws/install/my_py_pkg:/opt/ros/humble /usr/bin/cmake --install /home/notomo/ros2_ws/src/build/my_cpp_pkg
[0.468s] -- Install configuration: ""
[0.469s] -- Up-to-date: /home/notomo/ros2_ws/src/install/my_cpp_pkg/lib/my_cpp_pkg/cpp_node
[0.469s] -- Up-to-date: /home/notomo/ros2_ws/src/install/my_cpp_pkg/lib/my_cpp_pkg/robot_news_station
[0.469s] -- Up-to-date: /home/notomo/ros2_ws/src/install/my_cpp_pkg/share/ament_index/resource_index/package_run_dependencies/my_cpp_pkg
[0.469s] -- Up-to-date: /home/notomo/ros2_ws/src/install/my_cpp_pkg/share/ament_index/resource_index/parent_prefix_path/my_cpp_pkg
[0.469s] -- Up-to-date: /home/notomo/ros2_ws/src/install/my_cpp_pkg/share/my_cpp_pkg/environment/ament_prefix_path.sh
[0.469s] -- Installing: /home/notomo/ros2_ws/src/install/my_cpp_pkg/share/my_cpp_pkg/environment/ament_prefix_path.dsv
[0.469s] -- Up-to-date: /home/notomo/ros2_ws/src/install/my_cpp_pkg/share/my_cpp_pkg/environment/path.sh
[0.469s] -- Installing: /home/notomo/ros2_ws/src/install/my_cpp_pkg/share/my_cpp_pkg/environment/path.dsv
[0.469s] -- Up-to-date: /home/notomo/ros2_ws/src/install/my_cpp_pkg/share/my_cpp_pkg/local_setup.bash
[0.470s] -- Up-to-date: /home/notomo/ros2_ws/src/install/my_cpp_pkg/share/my_cpp_pkg/local_setup.sh
[0.470s] -- Up-to-date: /home/notomo/ros2_ws/src/install/my_cpp_pkg/share/my_cpp_pkg/local_setup.zsh
[0.470s] -- Installing: /home/notomo/ros2_ws/src/install/my_cpp_pkg/share/my_cpp_pkg/local_setup.dsv
[0.470s] -- Installing: /home/notomo/ros2_ws/src/install/my_cpp_pkg/share/my_cpp_pkg/package.dsv
[0.470s] -- Up-to-date: /home/notomo/ros2_ws/src/install/my_cpp_pkg/share/ament_index/resource_index/packages/my_cpp_pkg
[0.470s] -- Up-to-date: /home/notomo/ros2_ws/src/install/my_cpp_pkg/share/my_cpp_pkg/cmake/my_cpp_pkgConfig.cmake
[0.470s] -- Up-to-date: /home/notomo/ros2_ws/src/install/my_cpp_pkg/share/my_cpp_pkg/cmake/my_cpp_pkgConfig-version.cmake
[0.470s] -- Up-to-date: /home/notomo/ros2_ws/src/install/my_cpp_pkg/share/my_cpp_pkg/package.xml
[0.472s] Invoked command in '/home/notomo/ros2_ws/src/build/my_cpp_pkg' returned '0': CMAKE_PREFIX_PATH=${CMAKE_PREFIX_PATH}:/home/notomo/ros2_ws/install/my_py_pkg:/opt/ros/humble /usr/bin/cmake --install /home/notomo/ros2_ws/src/build/my_cpp_pkg
