[0.009s] Invoking command in '/home/notomo/ros2_ws/src/build/my_cpp_pkg': CMAKE_PREFIX_PATH=${CMAKE_PREFIX_PATH}:/home/notomo/ros2_ws/install/my_py_pkg:/opt/ros/humble /usr/bin/cmake /home/notomo/ros2_ws/src/my_cpp_pkg -DCMAKE_INSTALL_PREFIX=/home/notomo/ros2_ws/src/install/my_cpp_pkg
[0.098s] -- The C compiler identification is GNU 11.4.0
[0.169s] -- The CXX compiler identification is GNU 11.4.0
[0.178s] -- Detecting C compiler ABI info
[0.244s] -- Detecting C compiler ABI info - done
[0.250s] -- Check for working C compiler: /usr/bin/cc - skipped
[0.250s] -- Detecting C compile features
[0.251s] -- Detecting C compile features - done
[0.254s] -- Detecting CXX compiler ABI info
[0.326s] -- Detecting CXX compiler ABI info - done
[0.332s] -- Check for working CXX compiler: /usr/bin/c++ - skipped
[0.332s] -- Detecting CXX compile features
[0.333s] -- Detecting CXX compile features - done
[0.337s] -- Found ament_cmake: 1.3.11 (/opt/ros/humble/share/ament_cmake/cmake)
[0.468s] -- Found Python3: /usr/bin/python3 (found version "3.10.12") found components: Interpreter 
[0.554s] -- Found rclcpp: 16.0.11 (/opt/ros/humble/share/rclcpp/cmake)
[0.598s] -- Found rosidl_generator_c: 3.1.6 (/opt/ros/humble/share/rosidl_generator_c/cmake)
[0.603s] -- Found rosidl_adapter: 3.1.6 (/opt/ros/humble/share/rosidl_adapter/cmake)
[0.611s] -- Found rosidl_generator_cpp: 3.1.6 (/opt/ros/humble/share/rosidl_generator_cpp/cmake)
[0.624s] -- Using all available rosidl_typesupport_c: rosidl_typesupport_fastrtps_c;rosidl_typesupport_introspection_c
[0.640s] -- Using all available rosidl_typesupport_cpp: rosidl_typesupport_fastrtps_cpp;rosidl_typesupport_introspection_cpp
[0.684s] -- Found rmw_implementation_cmake: 6.1.2 (/opt/ros/humble/share/rmw_implementation_cmake/cmake)
[0.686s] -- Found rmw_fastrtps_cpp: 6.2.7 (/opt/ros/humble/share/rmw_fastrtps_cpp/cmake)
[0.773s] -- Found OpenSSL: /usr/lib/x86_64-linux-gnu/libcrypto.so (found version "3.0.2")  
[0.798s] -- Found FastRTPS: /opt/ros/humble/include  
[0.838s] -- Using RMW implementation 'rmw_fastrtps_cpp' as default
[0.847s] -- Looking for pthread.h
[0.915s] -- Looking for pthread.h - found
[0.915s] -- Performing Test CMAKE_HAVE_LIBC_PTHREAD
[0.985s] -- Performing Test CMAKE_HAVE_LIBC_PTHREAD - Success
[0.986s] -- Found Threads: TRUE  
[1.036s] -- Found example_interfaces: 0.9.3 (/opt/ros/humble/share/example_interfaces/cmake)
[1.077s] -- Found ament_lint_auto: 0.12.11 (/opt/ros/humble/share/ament_lint_auto/cmake)
[1.146s] -- Added test 'cppcheck' to perform static code analysis on C / C++ code
[1.146s] -- Configured cppcheck include dirs: 
[1.147s] -- Configured cppcheck exclude dirs and/or files: 
[1.147s] -- Added test 'lint_cmake' to check CMake code style
[1.148s] -- Added test 'uncrustify' to check C / C++ code style
[1.148s] -- Configured uncrustify additional arguments: 
[1.149s] -- Added test 'xmllint' to check XML markup files
[1.150s] -- Configuring done
[1.160s] -- Generating done
[1.165s] -- Build files have been written to: /home/notomo/ros2_ws/src/build/my_cpp_pkg
[1.173s] Invoked command in '/home/notomo/ros2_ws/src/build/my_cpp_pkg' returned '0': CMAKE_PREFIX_PATH=${CMAKE_PREFIX_PATH}:/home/notomo/ros2_ws/install/my_py_pkg:/opt/ros/humble /usr/bin/cmake /home/notomo/ros2_ws/src/my_cpp_pkg -DCMAKE_INSTALL_PREFIX=/home/notomo/ros2_ws/src/install/my_cpp_pkg
[1.174s] Invoking command in '/home/notomo/ros2_ws/src/build/my_cpp_pkg': CMAKE_PREFIX_PATH=${CMAKE_PREFIX_PATH}:/home/notomo/ros2_ws/install/my_py_pkg:/opt/ros/humble /usr/bin/cmake --build /home/notomo/ros2_ws/src/build/my_cpp_pkg -- -j16 -l16
[1.220s] [ 50%] [32mBuilding CXX object CMakeFiles/robot_news_station.dir/src/robot_news_station.cpp.o[0m
[1.220s] [ 50%] [32mBuilding CXX object CMakeFiles/cpp_node.dir/src/my_first_node.cpp.o[0m
[3.925s] [ 75%] [32m[1mLinking CXX executable cpp_node[0m
[4.071s] [ 75%] Built target cpp_node
[5.098s] [100%] [32m[1mLinking CXX executable robot_news_station[0m
[5.330s] [100%] Built target robot_news_station
[5.343s] Invoked command in '/home/notomo/ros2_ws/src/build/my_cpp_pkg' returned '0': CMAKE_PREFIX_PATH=${CMAKE_PREFIX_PATH}:/home/notomo/ros2_ws/install/my_py_pkg:/opt/ros/humble /usr/bin/cmake --build /home/notomo/ros2_ws/src/build/my_cpp_pkg -- -j16 -l16
[5.356s] Invoking command in '/home/notomo/ros2_ws/src/build/my_cpp_pkg': CMAKE_PREFIX_PATH=${CMAKE_PREFIX_PATH}:/home/notomo/ros2_ws/install/my_py_pkg:/opt/ros/humble /usr/bin/cmake --install /home/notomo/ros2_ws/src/build/my_cpp_pkg
[5.363s] -- Install configuration: ""
[5.364s] -- Installing: /home/notomo/ros2_ws/src/install/my_cpp_pkg/lib/my_cpp_pkg/cpp_node
[5.364s] -- Set runtime path of "/home/notomo/ros2_ws/src/install/my_cpp_pkg/lib/my_cpp_pkg/cpp_node" to ""
[5.364s] -- Installing: /home/notomo/ros2_ws/src/install/my_cpp_pkg/lib/my_cpp_pkg/robot_news_station
[5.365s] -- Set runtime path of "/home/notomo/ros2_ws/src/install/my_cpp_pkg/lib/my_cpp_pkg/robot_news_station" to ""
[5.365s] -- Installing: /home/notomo/ros2_ws/src/install/my_cpp_pkg/share/ament_index/resource_index/package_run_dependencies/my_cpp_pkg
[5.366s] -- Installing: /home/notomo/ros2_ws/src/install/my_cpp_pkg/share/ament_index/resource_index/parent_prefix_path/my_cpp_pkg
[5.366s] -- Installing: /home/notomo/ros2_ws/src/install/my_cpp_pkg/share/my_cpp_pkg/environment/ament_prefix_path.sh
[5.366s] -- Installing: /home/notomo/ros2_ws/src/install/my_cpp_pkg/share/my_cpp_pkg/environment/ament_prefix_path.dsv
[5.366s] -- Installing: /home/notomo/ros2_ws/src/install/my_cpp_pkg/share/my_cpp_pkg/environment/path.sh
[5.366s] -- Installing: /home/notomo/ros2_ws/src/install/my_cpp_pkg/share/my_cpp_pkg/environment/path.dsv
[5.366s] -- Installing: /home/notomo/ros2_ws/src/install/my_cpp_pkg/share/my_cpp_pkg/local_setup.bash
[5.366s] -- Installing: /home/notomo/ros2_ws/src/install/my_cpp_pkg/share/my_cpp_pkg/local_setup.sh
[5.367s] -- Installing: /home/notomo/ros2_ws/src/install/my_cpp_pkg/share/my_cpp_pkg/local_setup.zsh
[5.367s] -- Installing: /home/notomo/ros2_ws/src/install/my_cpp_pkg/share/my_cpp_pkg/local_setup.dsv
[5.367s] -- Installing: /home/notomo/ros2_ws/src/install/my_cpp_pkg/share/my_cpp_pkg/package.dsv
[5.367s] -- Installing: /home/notomo/ros2_ws/src/install/my_cpp_pkg/share/ament_index/resource_index/packages/my_cpp_pkg
[5.367s] -- Installing: /home/notomo/ros2_ws/src/install/my_cpp_pkg/share/my_cpp_pkg/cmake/my_cpp_pkgConfig.cmake
[5.367s] -- Installing: /home/notomo/ros2_ws/src/install/my_cpp_pkg/share/my_cpp_pkg/cmake/my_cpp_pkgConfig-version.cmake
[5.368s] -- Installing: /home/notomo/ros2_ws/src/install/my_cpp_pkg/share/my_cpp_pkg/package.xml
[5.370s] Invoked command in '/home/notomo/ros2_ws/src/build/my_cpp_pkg' returned '0': CMAKE_PREFIX_PATH=${CMAKE_PREFIX_PATH}:/home/notomo/ros2_ws/install/my_py_pkg:/opt/ros/humble /usr/bin/cmake --install /home/notomo/ros2_ws/src/build/my_cpp_pkg
