[0.000000] (-) TimerEvent: {}
[0.000357] (-) JobUnselected: {'identifier': 'my_py_pkg'}
[0.000383] (my_cpp_pkg) JobQueued: {'identifier': 'my_cpp_pkg', 'dependencies': OrderedDict()}
[0.000403] (my_cpp_pkg) JobStarted: {'identifier': 'my_cpp_pkg'}
[0.007366] (my_cpp_pkg) JobProgress: {'identifier': 'my_cpp_pkg', 'progress': 'cmake'}
[0.007858] (my_cpp_pkg) Command: {'cmd': ['/usr/bin/cmake', '/home/notomo/ros2_ws/src/my_cpp_pkg', '-DCMAKE_INSTALL_PREFIX=/home/notomo/ros2_ws/src/install/my_cpp_pkg'], 'cwd': '/home/notomo/ros2_ws/src/build/my_cpp_pkg', 'env': OrderedDict([('LANGUAGE', 'en_SG:en'), ('USER', 'notomo'), ('XDG_SESSION_TYPE', 'x11'), ('SHLVL', '1'), ('LD_LIBRARY_PATH', '/opt/ros/humble/opt/rviz_ogre_vendor/lib:/opt/ros/humble/lib/x86_64-linux-gnu:/opt/ros/humble/lib'), ('HOME', '/home/notomo'), ('OLDPWD', '/home/notomo/ros2_ws/src/my_cpp_pkg'), ('LESS', '-R'), ('DESKTOP_SESSION', 'ubuntu'), ('ZSH', '/home/notomo/.oh-my-zsh'), ('LSCOLORS', 'Gxfxcxdxbxegedabagacad'), ('GTK_MODULES', 'gail:atk-bridge'), ('GNOME_SHELL_SESSION_MODE', 'ubuntu'), ('PAGER', 'less'), ('ROS_PYTHON_VERSION', '3'), ('SYSTEMD_EXEC_PID', '1728'), ('DBUS_SESSION_BUS_ADDRESS', 'unix:path=/run/user/1000/bus'), ('P9K_TTY', 'old'), ('COLORTERM', 'truecolor'), ('ROS_DISTRO', 'humble'), ('COLCON_PREFIX_PATH', '/home/notomo/ros2_ws/install'), ('GTK_IM_MODULE', 'ibus'), ('LOGNAME', 'notomo'), ('_P9K_SSH_TTY', '/dev/pts/0'), ('_', '/usr/bin/colcon'), ('XDG_SESSION_CLASS', 'user'), ('ROS_VERSION', '2'), ('USERNAME', 'notomo'), ('TERM', 'xterm-256color'), ('GNOME_DESKTOP_SESSION_ID', 'this-is-deprecated'), ('ROS_LOCALHOST_ONLY', '0'), ('WINDOWPATH', '2'), ('PATH', '/opt/ros/humble/bin:/usr/local/sbin:/usr/local/bin:/usr/sbin:/usr/bin:/sbin:/bin:/usr/games:/usr/local/games:/snap/bin:/snap/bin'), ('SESSION_MANAGER', 'local/notomo-host:@/tmp/.ICE-unix/1503,unix/notomo-host:/tmp/.ICE-unix/1503'), ('GNOME_TERMINAL_SCREEN', '/org/gnome/Terminal/screen/98f0d8b7_61dc_40e5_a093_baf7c5216e75'), ('XDG_MENU_PREFIX', 'gnome-'), ('XDG_RUNTIME_DIR', '/run/user/1000'), ('DISPLAY', ':0'), ('LANG', 'en_SG.UTF-8'), ('XDG_CURRENT_DESKTOP', 'ubuntu:GNOME'), ('XDG_SESSION_DESKTOP', 'ubuntu'), ('GNOME_TERMINAL_SERVICE', ':1.258'), ('XMODIFIERS', '@im=ibus'), ('XAUTHORITY', '/run/user/1000/gdm/Xauthority'), ('LS_COLORS', 'di=32:ln=35:so=32:pi=33:ex=31:bd=34;46:cd=34;43:su=30;41:sg=30;46:tw=30;42:ow=30;43'), ('SSH_AUTH_SOCK', '/run/user/1000/keyring/ssh'), ('SSH_AGENT_LAUNCHER', 'gnome-keyring'), ('AMENT_PREFIX_PATH', '/home/notomo/ros2_ws/install/my_py_pkg:/home/notomo/ros2_ws/install/my_cpp_pkg:/opt/ros/humble'), ('SHELL', '/usr/bin/zsh'), ('QT_ACCESSIBILITY', '1'), ('GDMSESSION', 'ubuntu'), ('GPG_AGENT_INFO', '/run/user/1000/gnupg/S.gpg-agent:0:1'), ('P9K_SSH', '0'), ('QT_IM_MODULE', 'ibus'), ('PWD', '/home/notomo/ros2_ws/src/build/my_cpp_pkg'), ('XDG_CONFIG_DIRS', '/etc/xdg/xdg-ubuntu:/etc/xdg'), ('XDG_DATA_DIRS', '/usr/share/ubuntu:/usr/share/gnome:/usr/local/share/:/usr/share/:/var/lib/snapd/desktop'), ('_P9K_TTY', '/dev/pts/0'), ('PYTHONPATH', '/home/notomo/ros2_ws/build/my_py_pkg:/home/notomo/ros2_ws/install/my_py_pkg/lib/python3.10/site-packages:/opt/ros/humble/lib/python3.10/site-packages:/opt/ros/humble/local/lib/python3.10/dist-packages'), ('COLCON', '1'), ('VTE_VERSION', '6800'), ('CMAKE_PREFIX_PATH', '/home/notomo/ros2_ws/install/my_cpp_pkg:/home/notomo/ros2_ws/install/my_py_pkg:/opt/ros/humble')]), 'shell': False}
[0.098191] (my_cpp_pkg) StdoutLine: {'line': b'-- The C compiler identification is GNU 11.4.0\n'}
[0.099530] (-) TimerEvent: {}
[0.168862] (my_cpp_pkg) StdoutLine: {'line': b'-- The CXX compiler identification is GNU 11.4.0\n'}
[0.178655] (my_cpp_pkg) StdoutLine: {'line': b'-- Detecting C compiler ABI info\n'}
[0.199634] (-) TimerEvent: {}
[0.244172] (my_cpp_pkg) StdoutLine: {'line': b'-- Detecting C compiler ABI info - done\n'}
[0.250066] (my_cpp_pkg) StdoutLine: {'line': b'-- Check for working C compiler: /usr/bin/cc - skipped\n'}
[0.250527] (my_cpp_pkg) StdoutLine: {'line': b'-- Detecting C compile features\n'}
[0.251127] (my_cpp_pkg) StdoutLine: {'line': b'-- Detecting C compile features - done\n'}
[0.254230] (my_cpp_pkg) StdoutLine: {'line': b'-- Detecting CXX compiler ABI info\n'}
[0.299812] (-) TimerEvent: {}
[0.325947] (my_cpp_pkg) StdoutLine: {'line': b'-- Detecting CXX compiler ABI info - done\n'}
[0.332448] (my_cpp_pkg) StdoutLine: {'line': b'-- Check for working CXX compiler: /usr/bin/c++ - skipped\n'}
[0.332654] (my_cpp_pkg) StdoutLine: {'line': b'-- Detecting CXX compile features\n'}
[0.333014] (my_cpp_pkg) StdoutLine: {'line': b'-- Detecting CXX compile features - done\n'}
[0.337279] (my_cpp_pkg) StdoutLine: {'line': b'-- Found ament_cmake: 1.3.11 (/opt/ros/humble/share/ament_cmake/cmake)\n'}
[0.399874] (-) TimerEvent: {}
[0.468484] (my_cpp_pkg) StdoutLine: {'line': b'-- Found Python3: /usr/bin/python3 (found version "3.10.12") found components: Interpreter \n'}
[0.499946] (-) TimerEvent: {}
[0.553838] (my_cpp_pkg) StdoutLine: {'line': b'-- Found rclcpp: 16.0.11 (/opt/ros/humble/share/rclcpp/cmake)\n'}
[0.597833] (my_cpp_pkg) StdoutLine: {'line': b'-- Found rosidl_generator_c: 3.1.6 (/opt/ros/humble/share/rosidl_generator_c/cmake)\n'}
[0.600006] (-) TimerEvent: {}
[0.603033] (my_cpp_pkg) StdoutLine: {'line': b'-- Found rosidl_adapter: 3.1.6 (/opt/ros/humble/share/rosidl_adapter/cmake)\n'}
[0.611592] (my_cpp_pkg) StdoutLine: {'line': b'-- Found rosidl_generator_cpp: 3.1.6 (/opt/ros/humble/share/rosidl_generator_cpp/cmake)\n'}
[0.624386] (my_cpp_pkg) StdoutLine: {'line': b'-- Using all available rosidl_typesupport_c: rosidl_typesupport_fastrtps_c;rosidl_typesupport_introspection_c\n'}
[0.640118] (my_cpp_pkg) StdoutLine: {'line': b'-- Using all available rosidl_typesupport_cpp: rosidl_typesupport_fastrtps_cpp;rosidl_typesupport_introspection_cpp\n'}
[0.683746] (my_cpp_pkg) StdoutLine: {'line': b'-- Found rmw_implementation_cmake: 6.1.2 (/opt/ros/humble/share/rmw_implementation_cmake/cmake)\n'}
[0.686805] (my_cpp_pkg) StdoutLine: {'line': b'-- Found rmw_fastrtps_cpp: 6.2.7 (/opt/ros/humble/share/rmw_fastrtps_cpp/cmake)\n'}
[0.700212] (-) TimerEvent: {}
[0.773439] (my_cpp_pkg) StdoutLine: {'line': b'-- Found OpenSSL: /usr/lib/x86_64-linux-gnu/libcrypto.so (found version "3.0.2")  \n'}
[0.798112] (my_cpp_pkg) StdoutLine: {'line': b'-- Found FastRTPS: /opt/ros/humble/include  \n'}
[0.800251] (-) TimerEvent: {}
[0.837837] (my_cpp_pkg) StdoutLine: {'line': b"-- Using RMW implementation 'rmw_fastrtps_cpp' as default\n"}
[0.847225] (my_cpp_pkg) StdoutLine: {'line': b'-- Looking for pthread.h\n'}
[0.900351] (-) TimerEvent: {}
[0.914951] (my_cpp_pkg) StdoutLine: {'line': b'-- Looking for pthread.h - found\n'}
[0.915321] (my_cpp_pkg) StdoutLine: {'line': b'-- Performing Test CMAKE_HAVE_LIBC_PTHREAD\n'}
[0.985245] (my_cpp_pkg) StdoutLine: {'line': b'-- Performing Test CMAKE_HAVE_LIBC_PTHREAD - Success\n'}
[0.986132] (my_cpp_pkg) StdoutLine: {'line': b'-- Found Threads: TRUE  \n'}
[1.000433] (-) TimerEvent: {}
[1.036335] (my_cpp_pkg) StdoutLine: {'line': b'-- Found example_interfaces: 0.9.3 (/opt/ros/humble/share/example_interfaces/cmake)\n'}
[1.077711] (my_cpp_pkg) StdoutLine: {'line': b'-- Found ament_lint_auto: 0.12.11 (/opt/ros/humble/share/ament_lint_auto/cmake)\n'}
[1.100520] (-) TimerEvent: {}
[1.146642] (my_cpp_pkg) StdoutLine: {'line': b"-- Added test 'cppcheck' to perform static code analysis on C / C++ code\n"}
[1.146842] (my_cpp_pkg) StdoutLine: {'line': b'-- Configured cppcheck include dirs: \n'}
[1.146915] (my_cpp_pkg) StdoutLine: {'line': b'-- Configured cppcheck exclude dirs and/or files: \n'}
[1.147463] (my_cpp_pkg) StdoutLine: {'line': b"-- Added test 'lint_cmake' to check CMake code style\n"}
[1.148571] (my_cpp_pkg) StdoutLine: {'line': b"-- Added test 'uncrustify' to check C / C++ code style\n"}
[1.148626] (my_cpp_pkg) StdoutLine: {'line': b'-- Configured uncrustify additional arguments: \n'}
[1.149029] (my_cpp_pkg) StdoutLine: {'line': b"-- Added test 'xmllint' to check XML markup files\n"}
[1.150353] (my_cpp_pkg) StdoutLine: {'line': b'-- Configuring done\n'}
[1.160536] (my_cpp_pkg) StdoutLine: {'line': b'-- Generating done\n'}
[1.164958] (my_cpp_pkg) StdoutLine: {'line': b'-- Build files have been written to: /home/notomo/ros2_ws/src/build/my_cpp_pkg\n'}
[1.172909] (my_cpp_pkg) CommandEnded: {'returncode': 0}
[1.173514] (my_cpp_pkg) JobProgress: {'identifier': 'my_cpp_pkg', 'progress': 'build'}
[1.174267] (my_cpp_pkg) Command: {'cmd': ['/usr/bin/cmake', '--build', '/home/notomo/ros2_ws/src/build/my_cpp_pkg', '--', '-j16', '-l16'], 'cwd': '/home/notomo/ros2_ws/src/build/my_cpp_pkg', 'env': OrderedDict([('LANGUAGE', 'en_SG:en'), ('USER', 'notomo'), ('XDG_SESSION_TYPE', 'x11'), ('SHLVL', '1'), ('LD_LIBRARY_PATH', '/opt/ros/humble/opt/rviz_ogre_vendor/lib:/opt/ros/humble/lib/x86_64-linux-gnu:/opt/ros/humble/lib'), ('HOME', '/home/notomo'), ('OLDPWD', '/home/notomo/ros2_ws/src/my_cpp_pkg'), ('LESS', '-R'), ('DESKTOP_SESSION', 'ubuntu'), ('ZSH', '/home/notomo/.oh-my-zsh'), ('LSCOLORS', 'Gxfxcxdxbxegedabagacad'), ('GTK_MODULES', 'gail:atk-bridge'), ('GNOME_SHELL_SESSION_MODE', 'ubuntu'), ('PAGER', 'less'), ('ROS_PYTHON_VERSION', '3'), ('SYSTEMD_EXEC_PID', '1728'), ('DBUS_SESSION_BUS_ADDRESS', 'unix:path=/run/user/1000/bus'), ('P9K_TTY', 'old'), ('COLORTERM', 'truecolor'), ('ROS_DISTRO', 'humble'), ('COLCON_PREFIX_PATH', '/home/notomo/ros2_ws/install'), ('GTK_IM_MODULE', 'ibus'), ('LOGNAME', 'notomo'), ('_P9K_SSH_TTY', '/dev/pts/0'), ('_', '/usr/bin/colcon'), ('XDG_SESSION_CLASS', 'user'), ('ROS_VERSION', '2'), ('USERNAME', 'notomo'), ('TERM', 'xterm-256color'), ('GNOME_DESKTOP_SESSION_ID', 'this-is-deprecated'), ('ROS_LOCALHOST_ONLY', '0'), ('WINDOWPATH', '2'), ('PATH', '/opt/ros/humble/bin:/usr/local/sbin:/usr/local/bin:/usr/sbin:/usr/bin:/sbin:/bin:/usr/games:/usr/local/games:/snap/bin:/snap/bin'), ('SESSION_MANAGER', 'local/notomo-host:@/tmp/.ICE-unix/1503,unix/notomo-host:/tmp/.ICE-unix/1503'), ('GNOME_TERMINAL_SCREEN', '/org/gnome/Terminal/screen/98f0d8b7_61dc_40e5_a093_baf7c5216e75'), ('XDG_MENU_PREFIX', 'gnome-'), ('XDG_RUNTIME_DIR', '/run/user/1000'), ('DISPLAY', ':0'), ('LANG', 'en_SG.UTF-8'), ('XDG_CURRENT_DESKTOP', 'ubuntu:GNOME'), ('XDG_SESSION_DESKTOP', 'ubuntu'), ('GNOME_TERMINAL_SERVICE', ':1.258'), ('XMODIFIERS', '@im=ibus'), ('XAUTHORITY', '/run/user/1000/gdm/Xauthority'), ('LS_COLORS', 'di=32:ln=35:so=32:pi=33:ex=31:bd=34;46:cd=34;43:su=30;41:sg=30;46:tw=30;42:ow=30;43'), ('SSH_AUTH_SOCK', '/run/user/1000/keyring/ssh'), ('SSH_AGENT_LAUNCHER', 'gnome-keyring'), ('AMENT_PREFIX_PATH', '/home/notomo/ros2_ws/install/my_py_pkg:/home/notomo/ros2_ws/install/my_cpp_pkg:/opt/ros/humble'), ('SHELL', '/usr/bin/zsh'), ('QT_ACCESSIBILITY', '1'), ('GDMSESSION', 'ubuntu'), ('GPG_AGENT_INFO', '/run/user/1000/gnupg/S.gpg-agent:0:1'), ('P9K_SSH', '0'), ('QT_IM_MODULE', 'ibus'), ('PWD', '/home/notomo/ros2_ws/src/build/my_cpp_pkg'), ('XDG_CONFIG_DIRS', '/etc/xdg/xdg-ubuntu:/etc/xdg'), ('XDG_DATA_DIRS', '/usr/share/ubuntu:/usr/share/gnome:/usr/local/share/:/usr/share/:/var/lib/snapd/desktop'), ('_P9K_TTY', '/dev/pts/0'), ('PYTHONPATH', '/home/notomo/ros2_ws/build/my_py_pkg:/home/notomo/ros2_ws/install/my_py_pkg/lib/python3.10/site-packages:/opt/ros/humble/lib/python3.10/site-packages:/opt/ros/humble/local/lib/python3.10/dist-packages'), ('COLCON', '1'), ('VTE_VERSION', '6800'), ('CMAKE_PREFIX_PATH', '/home/notomo/ros2_ws/install/my_cpp_pkg:/home/notomo/ros2_ws/install/my_py_pkg:/opt/ros/humble')]), 'shell': False}
[1.200621] (-) TimerEvent: {}
[1.220192] (my_cpp_pkg) StdoutLine: {'line': b'[ 50%] \x1b[32mBuilding CXX object CMakeFiles/robot_news_station.dir/src/robot_news_station.cpp.o\x1b[0m\n'}
[1.220373] (my_cpp_pkg) StdoutLine: {'line': b'[ 50%] \x1b[32mBuilding CXX object CMakeFiles/cpp_node.dir/src/my_first_node.cpp.o\x1b[0m\n'}
[1.300741] (-) TimerEvent: {}
[1.401082] (-) TimerEvent: {}
[1.501496] (-) TimerEvent: {}
[1.601994] (-) TimerEvent: {}
[1.702340] (-) TimerEvent: {}
[1.802710] (-) TimerEvent: {}
[1.903064] (-) TimerEvent: {}
[2.003376] (-) TimerEvent: {}
[2.103657] (-) TimerEvent: {}
[2.204066] (-) TimerEvent: {}
[2.304374] (-) TimerEvent: {}
[2.404652] (-) TimerEvent: {}
[2.504938] (-) TimerEvent: {}
[2.605209] (-) TimerEvent: {}
[2.705510] (-) TimerEvent: {}
[2.805812] (-) TimerEvent: {}
[2.906118] (-) TimerEvent: {}
[3.006385] (-) TimerEvent: {}
[3.106657] (-) TimerEvent: {}
[3.207027] (-) TimerEvent: {}
[3.307463] (-) TimerEvent: {}
[3.407730] (-) TimerEvent: {}
[3.507967] (-) TimerEvent: {}
[3.608257] (-) TimerEvent: {}
[3.708530] (-) TimerEvent: {}
[3.808809] (-) TimerEvent: {}
[3.909125] (-) TimerEvent: {}
[3.925101] (my_cpp_pkg) StdoutLine: {'line': b'[ 75%] \x1b[32m\x1b[1mLinking CXX executable cpp_node\x1b[0m\n'}
[4.009228] (-) TimerEvent: {}
[4.071526] (my_cpp_pkg) StdoutLine: {'line': b'[ 75%] Built target cpp_node\n'}
[4.109322] (-) TimerEvent: {}
[4.209585] (-) TimerEvent: {}
[4.309847] (-) TimerEvent: {}
[4.410117] (-) TimerEvent: {}
[4.510368] (-) TimerEvent: {}
[4.610629] (-) TimerEvent: {}
[4.710925] (-) TimerEvent: {}
[4.811286] (-) TimerEvent: {}
[4.911854] (-) TimerEvent: {}
[5.012267] (-) TimerEvent: {}
[5.098501] (my_cpp_pkg) StdoutLine: {'line': b'[100%] \x1b[32m\x1b[1mLinking CXX executable robot_news_station\x1b[0m\n'}
[5.112456] (-) TimerEvent: {}
[5.212955] (-) TimerEvent: {}
[5.313374] (-) TimerEvent: {}
[5.330291] (my_cpp_pkg) StdoutLine: {'line': b'[100%] Built target robot_news_station\n'}
[5.342842] (my_cpp_pkg) CommandEnded: {'returncode': 0}
[5.343412] (my_cpp_pkg) JobProgress: {'identifier': 'my_cpp_pkg', 'progress': 'install'}
[5.355205] (my_cpp_pkg) Command: {'cmd': ['/usr/bin/cmake', '--install', '/home/notomo/ros2_ws/src/build/my_cpp_pkg'], 'cwd': '/home/notomo/ros2_ws/src/build/my_cpp_pkg', 'env': OrderedDict([('LANGUAGE', 'en_SG:en'), ('USER', 'notomo'), ('XDG_SESSION_TYPE', 'x11'), ('SHLVL', '1'), ('LD_LIBRARY_PATH', '/opt/ros/humble/opt/rviz_ogre_vendor/lib:/opt/ros/humble/lib/x86_64-linux-gnu:/opt/ros/humble/lib'), ('HOME', '/home/notomo'), ('OLDPWD', '/home/notomo/ros2_ws/src/my_cpp_pkg'), ('LESS', '-R'), ('DESKTOP_SESSION', 'ubuntu'), ('ZSH', '/home/notomo/.oh-my-zsh'), ('LSCOLORS', 'Gxfxcxdxbxegedabagacad'), ('GTK_MODULES', 'gail:atk-bridge'), ('GNOME_SHELL_SESSION_MODE', 'ubuntu'), ('PAGER', 'less'), ('ROS_PYTHON_VERSION', '3'), ('SYSTEMD_EXEC_PID', '1728'), ('DBUS_SESSION_BUS_ADDRESS', 'unix:path=/run/user/1000/bus'), ('P9K_TTY', 'old'), ('COLORTERM', 'truecolor'), ('ROS_DISTRO', 'humble'), ('COLCON_PREFIX_PATH', '/home/notomo/ros2_ws/install'), ('GTK_IM_MODULE', 'ibus'), ('LOGNAME', 'notomo'), ('_P9K_SSH_TTY', '/dev/pts/0'), ('_', '/usr/bin/colcon'), ('XDG_SESSION_CLASS', 'user'), ('ROS_VERSION', '2'), ('USERNAME', 'notomo'), ('TERM', 'xterm-256color'), ('GNOME_DESKTOP_SESSION_ID', 'this-is-deprecated'), ('ROS_LOCALHOST_ONLY', '0'), ('WINDOWPATH', '2'), ('PATH', '/opt/ros/humble/bin:/usr/local/sbin:/usr/local/bin:/usr/sbin:/usr/bin:/sbin:/bin:/usr/games:/usr/local/games:/snap/bin:/snap/bin'), ('SESSION_MANAGER', 'local/notomo-host:@/tmp/.ICE-unix/1503,unix/notomo-host:/tmp/.ICE-unix/1503'), ('GNOME_TERMINAL_SCREEN', '/org/gnome/Terminal/screen/98f0d8b7_61dc_40e5_a093_baf7c5216e75'), ('XDG_MENU_PREFIX', 'gnome-'), ('XDG_RUNTIME_DIR', '/run/user/1000'), ('DISPLAY', ':0'), ('LANG', 'en_SG.UTF-8'), ('XDG_CURRENT_DESKTOP', 'ubuntu:GNOME'), ('XDG_SESSION_DESKTOP', 'ubuntu'), ('GNOME_TERMINAL_SERVICE', ':1.258'), ('XMODIFIERS', '@im=ibus'), ('XAUTHORITY', '/run/user/1000/gdm/Xauthority'), ('LS_COLORS', 'di=32:ln=35:so=32:pi=33:ex=31:bd=34;46:cd=34;43:su=30;41:sg=30;46:tw=30;42:ow=30;43'), ('SSH_AUTH_SOCK', '/run/user/1000/keyring/ssh'), ('SSH_AGENT_LAUNCHER', 'gnome-keyring'), ('AMENT_PREFIX_PATH', '/home/notomo/ros2_ws/install/my_py_pkg:/home/notomo/ros2_ws/install/my_cpp_pkg:/opt/ros/humble'), ('SHELL', '/usr/bin/zsh'), ('QT_ACCESSIBILITY', '1'), ('GDMSESSION', 'ubuntu'), ('GPG_AGENT_INFO', '/run/user/1000/gnupg/S.gpg-agent:0:1'), ('P9K_SSH', '0'), ('QT_IM_MODULE', 'ibus'), ('PWD', '/home/notomo/ros2_ws/src/build/my_cpp_pkg'), ('XDG_CONFIG_DIRS', '/etc/xdg/xdg-ubuntu:/etc/xdg'), ('XDG_DATA_DIRS', '/usr/share/ubuntu:/usr/share/gnome:/usr/local/share/:/usr/share/:/var/lib/snapd/desktop'), ('_P9K_TTY', '/dev/pts/0'), ('PYTHONPATH', '/home/notomo/ros2_ws/build/my_py_pkg:/home/notomo/ros2_ws/install/my_py_pkg/lib/python3.10/site-packages:/opt/ros/humble/lib/python3.10/site-packages:/opt/ros/humble/local/lib/python3.10/dist-packages'), ('COLCON', '1'), ('VTE_VERSION', '6800'), ('CMAKE_PREFIX_PATH', '/home/notomo/ros2_ws/install/my_cpp_pkg:/home/notomo/ros2_ws/install/my_py_pkg:/opt/ros/humble')]), 'shell': False}
[5.363687] (my_cpp_pkg) StdoutLine: {'line': b'-- Install configuration: ""\n'}
[5.363864] (my_cpp_pkg) StdoutLine: {'line': b'-- Installing: /home/notomo/ros2_ws/src/install/my_cpp_pkg/lib/my_cpp_pkg/cpp_node\n'}
[5.364390] (my_cpp_pkg) StdoutLine: {'line': b'-- Set runtime path of "/home/notomo/ros2_ws/src/install/my_cpp_pkg/lib/my_cpp_pkg/cpp_node" to ""\n'}
[5.364489] (my_cpp_pkg) StdoutLine: {'line': b'-- Installing: /home/notomo/ros2_ws/src/install/my_cpp_pkg/lib/my_cpp_pkg/robot_news_station\n'}
[5.365590] (my_cpp_pkg) StdoutLine: {'line': b'-- Set runtime path of "/home/notomo/ros2_ws/src/install/my_cpp_pkg/lib/my_cpp_pkg/robot_news_station" to ""\n'}
[5.365736] (my_cpp_pkg) StdoutLine: {'line': b'-- Installing: /home/notomo/ros2_ws/src/install/my_cpp_pkg/share/ament_index/resource_index/package_run_dependencies/my_cpp_pkg\n'}
[5.365922] (my_cpp_pkg) StdoutLine: {'line': b'-- Installing: /home/notomo/ros2_ws/src/install/my_cpp_pkg/share/ament_index/resource_index/parent_prefix_path/my_cpp_pkg\n'}
[5.366141] (my_cpp_pkg) StdoutLine: {'line': b'-- Installing: /home/notomo/ros2_ws/src/install/my_cpp_pkg/share/my_cpp_pkg/environment/ament_prefix_path.sh\n'}
[5.366283] (my_cpp_pkg) StdoutLine: {'line': b'-- Installing: /home/notomo/ros2_ws/src/install/my_cpp_pkg/share/my_cpp_pkg/environment/ament_prefix_path.dsv\n'}
[5.366417] (my_cpp_pkg) StdoutLine: {'line': b'-- Installing: /home/notomo/ros2_ws/src/install/my_cpp_pkg/share/my_cpp_pkg/environment/path.sh\n'}
[5.366545] (my_cpp_pkg) StdoutLine: {'line': b'-- Installing: /home/notomo/ros2_ws/src/install/my_cpp_pkg/share/my_cpp_pkg/environment/path.dsv\n'}
[5.366675] (my_cpp_pkg) StdoutLine: {'line': b'-- Installing: /home/notomo/ros2_ws/src/install/my_cpp_pkg/share/my_cpp_pkg/local_setup.bash\n'}
[5.366830] (my_cpp_pkg) StdoutLine: {'line': b'-- Installing: /home/notomo/ros2_ws/src/install/my_cpp_pkg/share/my_cpp_pkg/local_setup.sh\n'}
[5.367013] (my_cpp_pkg) StdoutLine: {'line': b'-- Installing: /home/notomo/ros2_ws/src/install/my_cpp_pkg/share/my_cpp_pkg/local_setup.zsh\n'}
[5.367183] (my_cpp_pkg) StdoutLine: {'line': b'-- Installing: /home/notomo/ros2_ws/src/install/my_cpp_pkg/share/my_cpp_pkg/local_setup.dsv\n'}
[5.367302] (my_cpp_pkg) StdoutLine: {'line': b'-- Installing: /home/notomo/ros2_ws/src/install/my_cpp_pkg/share/my_cpp_pkg/package.dsv\n'}
[5.367481] (my_cpp_pkg) StdoutLine: {'line': b'-- Installing: /home/notomo/ros2_ws/src/install/my_cpp_pkg/share/ament_index/resource_index/packages/my_cpp_pkg\n'}
[5.367644] (my_cpp_pkg) StdoutLine: {'line': b'-- Installing: /home/notomo/ros2_ws/src/install/my_cpp_pkg/share/my_cpp_pkg/cmake/my_cpp_pkgConfig.cmake\n'}
[5.367756] (my_cpp_pkg) StdoutLine: {'line': b'-- Installing: /home/notomo/ros2_ws/src/install/my_cpp_pkg/share/my_cpp_pkg/cmake/my_cpp_pkgConfig-version.cmake\n'}
[5.367879] (my_cpp_pkg) StdoutLine: {'line': b'-- Installing: /home/notomo/ros2_ws/src/install/my_cpp_pkg/share/my_cpp_pkg/package.xml\n'}
[5.369964] (my_cpp_pkg) CommandEnded: {'returncode': 0}
[5.385482] (my_cpp_pkg) JobEnded: {'identifier': 'my_cpp_pkg', 'rc': 0}
[5.385936] (-) EventReactorShutdown: {}
